BroadcastTaintAndLeak1/app/build/outputs/logs/manifest-merger-release-report.txt
-- Merging decision tree log ---
manifest
ADDED from src\main\AndroidManifest.xml:2:1-23:12
	xmlns:android
		ADDED from src\main\AndroidManifest.xml:2:11-69
	package
		ADDED from src\main\AndroidManifest.xml:3:7-64
		INJECTED from src\main\AndroidManifest.xml
		INJECTED from src\main\AndroidManifest.xml
	android:versionName
		ADDED from src\main\AndroidManifest.xml:5:7-34
		INJECTED from src\main\AndroidManifest.xml
		INJECTED from src\main\AndroidManifest.xml
	android:versionCode
		ADDED from src\main\AndroidManifest.xml:4:7-30
		INJECTED from src\main\AndroidManifest.xml
		INJECTED from src\main\AndroidManifest.xml
application
ADDED from src\main\AndroidManifest.xml:6:5-18:19
	android:label
		ADDED from src\main\AndroidManifest.xml:8:5-34
	android:icon
		ADDED from src\main\AndroidManifest.xml:7:5-34
activity#edu.mit.icc_broadcast_programmatic_intentfilter.BroadcastTest
ADDED from src\main\AndroidManifest.xml:9:9-17:20
	android:label
		ADDED from src\main\AndroidManifest.xml:10:19-48
	android:name
		ADDED from src\main\AndroidManifest.xml:9:19-95
intent-filter#android.intent.action.MAIN+android.intent.category.LAUNCHER
ADDED from src\main\AndroidManifest.xml:11:13-16:29
action#android.intent.action.MAIN
ADDED from src\main\AndroidManifest.xml:12:17-13:61
	android:name
		ADDED from src\main\AndroidManifest.xml:13:17-58
category#android.intent.category.LAUNCHER
ADDED from src\main\AndroidManifest.xml:14:17-15:67
	android:name
		ADDED from src\main\AndroidManifest.xml:15:17-64
uses-sdk
ADDED from src\main\AndroidManifest.xml:19:1-49
	android:targetSdkVersion
		INJECTED from src\main\AndroidManifest.xml
		INJECTED from src\main\AndroidManifest.xml
	android:minSdkVersion
		ADDED from src\main\AndroidManifest.xml:19:11-37
		INJECTED from src\main\AndroidManifest.xml
		INJECTED from src\main\AndroidManifest.xml
uses-permission#android.permission.READ_PHONE_STATE
ADDED from src\main\AndroidManifest.xml:20:1-71
	android:name
		ADDED from src\main\AndroidManifest.xml:20:18-68
uses-permission#android.permission.SEND_SMS
ADDED from src\main\AndroidManifest.xml:21:5-67
	android:name
		ADDED from src\main\AndroidManifest.xml:21:22-64